<?xml version="1.0" encoding="UTF-8"?>
<!-- Generated by org.testng.reporters.JUnitXMLReporter -->
<testsuite ignored="3" hostname="DESKTOP-QOP9CLH" failures="0" tests="1" name="Default test" time="2.021" errors="0" timestamp="2021-03-11T10:31:55 EET">
  <testcase classname="operations.Requests" name="Register_Delivery" time="1.968"/>
  <testcase classname="operations.Requests" name="Create_Order" time="0.0">
    <ignored/>
  </testcase> <!-- Create_Order -->
  <testcase classname="operations.Requests" name="payment_request" time="0.0">
    <ignored/>
  </testcase> <!-- payment_request -->
  <testcase classname="operations.Requests" name="Call_waiter" time="0.0">
    <ignored/>
  </testcase> <!-- Call_waiter -->
</testsuite> <!-- Default test -->
