<?xml version="1.0" encoding="UTF-8"?>
<!-- Generated by org.testng.reporters.JUnitXMLReporter -->
<testsuite ignored="1" hostname="DESKTOP-QOP9CLH" failures="0" tests="3" name="Test" time="22.21" errors="0" timestamp="2021-01-06T16:32:39 EET">
  <testcase classname="Tests.Login" name="loginbtn" time="6.817"/>
  <testcase classname="Tests.Login" name="validcredintial" time="7.307"/>
  <testcase classname="Tests.Edit_Order" name="order" time="8.029"/>
  <testcase classname="Core.Base" name="@BeforeSuite webDriver" time="0.0">
    <ignored/>
  </testcase> <!-- @BeforeSuite webDriver -->
</testsuite> <!-- Test -->
