<?xml version="1.0" encoding="UTF-8"?>
<!-- Generated by org.testng.reporters.JUnitXMLReporter -->
<testsuite ignored="5" hostname="DESKTOP-QOP9CLH" failures="0" tests="17" name="Create_Restaurant" time="274.674" errors="0" timestamp="2021-03-04T14:26:14 EET">
  <testcase classname="restaurant.Login" name="loginbtn" time="6.786"/>
  <testcase classname="restaurant.Login" name="emptyfilds" time="6.139"/>
  <testcase classname="restaurant.Login" name="invalidcredintial" time="4.389"/>
  <testcase classname="restaurant.Login" name="validcredintial" time="7.712"/>
  <testcase classname="restaurant.create_account" name="register" time="31.322"/>
  <testcase classname="restaurant.AddExtras" name="AddExtra" time="45.55"/>
  <testcase classname="restaurant.AddExtras" name="EditExtra" time="12.026"/>
  <testcase classname="restaurant.AddExtras" name="AddSize" time="13.588"/>
  <testcase classname="restaurant.AddExtras" name="EditSize" time="11.829"/>
  <testcase classname="restaurant.AddExtras" name="AddCategory" time="13.962"/>
  <testcase classname="restaurant.AddExtras" name="EditCategory" time="13.002"/>
  <testcase classname="restaurant.Additem" name="additem" time="63.566"/>
  <testcase classname="restaurant.Edititem" name="edititem" time="31.403"/>
  <testcase classname="restaurant.Tables" name="AddTable" time="7.329"/>
  <testcase classname="restaurant.Tables" name="PrintTable" time="1.617"/>
  <testcase classname="restaurant.Tables" name="SearchTable" time="1.1"/>
  <testcase classname="restaurant.Tables" name="DeleteTable" time="3.238"/>
  <testcase classname="Core.Base" name="@BeforeSuite webDriver" time="0.0">
    <ignored/>
  </testcase> <!-- @BeforeSuite webDriver -->
  <testcase classname="Core.Base" name="@BeforeSuite webDriver" time="0.0">
    <ignored/>
  </testcase> <!-- @BeforeSuite webDriver -->
  <testcase classname="Core.Base" name="@BeforeSuite webDriver" time="0.0">
    <ignored/>
  </testcase> <!-- @BeforeSuite webDriver -->
  <testcase classname="Core.Base" name="@BeforeSuite webDriver" time="0.0">
    <ignored/>
  </testcase> <!-- @BeforeSuite webDriver -->
  <testcase classname="Core.Base" name="@BeforeSuite webDriver" time="0.0">
    <ignored/>
  </testcase> <!-- @BeforeSuite webDriver -->
</testsuite> <!-- Create_Restaurant -->
