<?xml version="1.0" encoding="UTF-8"?>
<!-- Generated by org.testng.reporters.JUnitXMLReporter -->
<testsuite ignored="0" hostname="DESKTOP-QOP9CLH" failures="0" tests="4" name="Digital_menu" time="27.654" errors="0" timestamp="2021-03-07T14:04:00 EET">
  <testcase classname="digital_menu.Digital_menu" name="closedialog" time="1.266"/>
  <testcase classname="digital_menu.Digital_menu" name="scrolling" time="0.953"/>
  <testcase classname="digital_menu.Digital_menu" name="menulanguage" time="8.957"/>
  <testcase classname="digital_menu.Digital_menu" name="select" time="16.375"/>
</testsuite> <!-- Digital_menu -->
